<?xml version="1.0" encoding="UTF-8"?>
<!-- Generated by org.testng.reporters.JUnitXMLReporter -->
<testsuite ignored="0" hostname="DESKTOP-GML17V3" failures="0" tests="6" name="Default test" time="11.605" errors="0" timestamp="2024-09-30T16:44:48 IST">
  <testcase classname="PostWithMultipleHttpOptions.PostAPIWithDifferetData" name="bodyWithHTMLTest" time="3.024"/>
  <testcase classname="PostWithMultipleHttpOptions.PostAPIWithDifferetData" name="bodyWithJavaScriptTest" time="1.113"/>
  <testcase classname="PostWithMultipleHttpOptions.PostAPIWithDifferetData" name="bodyWithMultiPartTest" time="1.577"/>
  <testcase classname="PostWithMultipleHttpOptions.PostAPIWithDifferetData" name="bodyWithPdfFileTest" time="3.66"/>
  <testcase classname="PostWithMultipleHttpOptions.PostAPIWithDifferetData" name="bodyWithTextTest" time="1.097"/>
  <testcase classname="PostWithMultipleHttpOptions.PostAPIWithDifferetData" name="bodyWithXMLTest" time="1.091"/>
</testsuite> <!-- Default test -->
