<?xml version="1.0" encoding="UTF-8"?>
<!-- Generated by org.testng.reporters.JUnitXMLReporter -->
<testsuite ignored="1" hostname="DESKTOP-GML17V3" failures="0" tests="1" name="Default test" time="3.888" errors="0" timestamp="2024-09-30T13:09:27 IST">
  <testcase classname="UpdateUser.CreateUserWithLombok_POJO" name="updateUserWith_BuilderPattern" time="3.843"/>
  <testcase classname="UpdateUser.CreateUserWithLombok_POJO" name="updateUserWith_POJO" time="0.0">
    <ignored/>
  </testcase> <!-- updateUserWith_POJO -->
</testsuite> <!-- Default test -->
