<?xml version="1.0" encoding="UTF-8"?>
<testng-results ignored="1" total="2" passed="1" failed="0" skipped="0">
  <reporter-output>
  </reporter-output>
  <suite started-at="2024-09-30T13:09:23 IST" name="Default suite" finished-at="2024-09-30T13:09:27 IST" duration-ms="3888">
    <groups>
    </groups>
    <test started-at="2024-09-30T13:09:23 IST" name="Default test" finished-at="2024-09-30T13:09:27 IST" duration-ms="3888">
      <class name="UpdateUser.CreateUserWithLombok_POJO">
        <test-method signature="updateUserWith_BuilderPattern()[pri:0, instance:UpdateUser.CreateUserWithLombok_POJO@7d0b7e3c]" started-at="2024-09-30T13:09:23 IST" name="updateUserWith_BuilderPattern" finished-at="2024-09-30T13:09:27 IST" duration-ms="3843" status="PASS">
          <reporter-output>
          </reporter-output>
        </test-method> <!-- updateUserWith_BuilderPattern -->
      </class> <!-- UpdateUser.CreateUserWithLombok_POJO -->
    </test> <!-- Default test -->
  </suite> <!-- Default suite -->
</testng-results>
