<?xml version="1.0" encoding="UTF-8"?>
<testng-results ignored="0" total="1" passed="1" failed="0" skipped="0">
  <reporter-output>
  </reporter-output>
  <suite started-at="2024-09-30T18:26:21 IST" name="Default suite" finished-at="2024-09-30T18:26:24 IST" duration-ms="3054">
    <groups>
    </groups>
    <test started-at="2024-09-30T18:26:21 IST" name="Default test" finished-at="2024-09-30T18:26:24 IST" duration-ms="3054">
      <class name="DeserializationProcess.ProductAPIWithTest">
        <test-method signature="getProductsTest_With_POJO_Desierlization()[pri:0, instance:DeserializationProcess.ProductAPIWithTest@25ce9dc4]" started-at="2024-09-30T18:26:21 IST" name="getProductsTest_With_POJO_Desierlization" finished-at="2024-09-30T18:26:24 IST" duration-ms="2997" status="PASS">
          <reporter-output>
          </reporter-output>
        </test-method> <!-- getProductsTest_With_POJO_Desierlization -->
      </class> <!-- DeserializationProcess.ProductAPIWithTest -->
    </test> <!-- Default test -->
  </suite> <!-- Default suite -->
</testng-results>
